<?xml version="1.0" encoding="UTF-8"?>
<!-- Generated by org.testng.reporters.JUnitReportReporter -->
<testsuite hostname="Nadine-PC" failures="0" tests="8" name="Automation.MyTestCases" time="55.329" errors="0" timestamp="2025-09-25T20:57:34 EET" skipped="0">
  <testcase classname="Automation.MyTestCases" name="SignupTest" time="17.480"/>
  <testcase classname="Automation.MyTestCases" name="LogoutTest" time="1.030"/>
  <testcase classname="Automation.MyTestCases" name="Login" time="5.171"/>
  <testcase classname="Automation.MyTestCases" name="AddItemToTheCart" time="3.953"/>
  <testcase classname="Automation.MyTestCases" name="AddItemToTheCart" time="8.585"/>
  <testcase classname="Automation.MyTestCases" name="AddItemToTheCart" time="5.576"/>
  <testcase classname="Automation.MyTestCases" name="AddItemToTheCart" time="9.907"/>
  <testcase classname="Automation.MyTestCases" name="AddItemToTheCart" time="3.627"/>
</testsuite> <!-- Automation.MyTestCases -->
